# JRE version: OpenJDK Runtime Environment (8.0_202) (build 1.8.0_202-release-1483-b49-5587405)
# Java VM: OpenJDK 64-Bit Server VM (25.202-b49-5587405 mixed mode linux-amd64 compressed oops)
Heap:
 PSYoungGen      total 387072K, used 104875K [0x00000000e0000000, 0x00000000fae00000, 0x0000000100000000)
  eden space 353280K, 20% used [0x00000000e0000000,0x00000000e456f858,0x00000000f5900000)
  from space 33792K, 99% used [0x00000000f8280000,0x00000000fa37b6d8,0x00000000fa380000)
  to   space 42496K, 0% used [0x00000000f5900000,0x00000000f5900000,0x00000000f8280000)
 ParOldGen       total 207360K, used 53396K [0x00000000a0000000, 0x00000000aca80000, 0x00000000e0000000)
  object space 207360K, 25% used [0x00000000a0000000,0x00000000a3425040,0x00000000aca80000)
 Metaspace       used 90773K, capacity 94382K, committed 94680K, reserved 1132544K
  class space    used 11686K, capacity 12419K, committed 12544K, reserved 1048576K
GC Heap History (10 events):
Event: 607,833 GC heap before
{Heap before GC invocations=11 (full 3):
 PSYoungGen      total 231424K, used 208896K [0x00000000e0000000, 0x00000000f4680000, 0x0000000100000000)
  eden space 208896K, 100% used [0x00000000e0000000,0x00000000ecc00000,0x00000000ecc00000)
  from space 22528K, 0% used [0x00000000ecc00000,0x00000000ecc00000,0x00000000ee200000)
  to   space 24064K, 0% used [0x00000000f2f00000,0x00000000f2f00000,0x00000000f4680000)
 ParOldGen       total 207360K, used 32011K [0x00000000a0000000, 0x00000000aca80000, 0x00000000e0000000)
  object space 207360K, 15% used [0x00000000a0000000,0x00000000a1f42d20,0x00000000aca80000)
 Metaspace       used 68415K, capacity 70590K, committed 70872K, reserved 1110016K
  class space    used 8924K, capacity 9386K, committed 9472K, reserved 1048576K
Event: 607,862 GC heap after
Heap after GC invocations=11 (full 3):
 PSYoungGen      total 287232K, used 16456K [0x00000000e0000000, 0x00000000f3f80000, 0x0000000100000000)
  eden space 270336K, 0% used [0x00000000e0000000,0x00000000e0000000,0x00000000f0800000)
  from space 16896K, 97% used [0x00000000f2f00000,0x00000000f3f123a0,0x00000000f3f80000)
  to   space 24576K, 0% used [0x00000000f0f80000,0x00000000f0f80000,0x00000000f2780000)
 ParOldGen       total 207360K, used 32019K [0x00000000a0000000, 0x00000000aca80000, 0x00000000e0000000)
  object space 207360K, 15% used [0x00000000a0000000,0x00000000a1f44d20,0x00000000aca80000)
 Metaspace       used 68415K, capacity 70590K, committed 70872K, reserved 1110016K
  class space    used 8924K, capacity 9386K, committed 9472K, reserved 1048576K
}
Event: 614,412 GC heap before
{Heap before GC invocations=12 (full 3):
 PSYoungGen      total 287232K, used 286792K [0x00000000e0000000, 0x00000000f3f80000, 0x0000000100000000)
  eden space 270336K, 100% used [0x00000000e0000000,0x00000000f0800000,0x00000000f0800000)
  from space 16896K, 97% used [0x00000000f2f00000,0x00000000f3f123a0,0x00000000f3f80000)
  to   space 24576K, 0% used [0x00000000f0f80000,0x00000000f0f80000,0x00000000f2780000)
 ParOldGen       total 207360K, used 32019K [0x00000000a0000000, 0x00000000aca80000, 0x00000000e0000000)
  object space 207360K, 15% used [0x00000000a0000000,0x00000000a1f44d20,0x00000000aca80000)
 Metaspace       used 68567K, capacity 70782K, committed 71128K, reserved 1112064K
  class space    used 8925K, capacity 9386K, committed 9472K, reserved 1048576K
Event: 614,440 GC heap after
Heap after GC invocations=12 (full 3):
 PSYoungGen      total 302592K, used 12526K [0x00000000e0000000, 0x00000000f5e00000, 0x0000000100000000)
  eden space 278016K, 0% used [0x00000000e0000000,0x00000000e0000000,0x00000000f0f80000)
  from space 24576K, 50% used [0x00000000f0f80000,0x00000000f1bbbb18,0x00000000f2780000)
  to   space 23040K, 0% used [0x00000000f4780000,0x00000000f4780000,0x00000000f5e00000)
 ParOldGen       total 207360K, used 32027K [0x00000000a0000000, 0x00000000aca80000, 0x00000000e0000000)
  object space 207360K, 15% used [0x00000000a0000000,0x00000000a1f46d20,0x00000000aca80000)
 Metaspace       used 68567K, capacity 70782K, committed 71128K, reserved 1112064K
  class space    used 8925K, capacity 9386K, committed 9472K, reserved 1048576K
}
Event: 617,801 GC heap before
{Heap before GC invocations=13 (full 3):
 PSYoungGen      total 302592K, used 290542K [0x00000000e0000000, 0x00000000f5e00000, 0x0000000100000000)
  eden space 278016K, 100% used [0x00000000e0000000,0x00000000f0f80000,0x00000000f0f80000)
  from space 24576K, 50% used [0x00000000f0f80000,0x00000000f1bbbb18,0x00000000f2780000)
  to   space 23040K, 0% used [0x00000000f4780000,0x00000000f4780000,0x00000000f5e00000)
 ParOldGen       total 207360K, used 32027K [0x00000000a0000000, 0x00000000aca80000, 0x00000000e0000000)
  object space 207360K, 15% used [0x00000000a0000000,0x00000000a1f46d20,0x00000000aca80000)
 Metaspace       used 82191K, capacity 85298K, committed 85592K, reserved 1124352K
  class space    used 10737K, capacity 11368K, committed 11392K, reserved 1048576K
Event: 617,860 GC heap after
Heap after GC invocations=13 (full 3):
 PSYoungGen      total 329216K, used 23031K [0x00000000e0000000, 0x00000000f7700000, 0x0000000100000000)
  eden space 306176K, 0% used [0x00000000e0000000,0x00000000e0000000,0x00000000f2b00000)
  from space 23040K, 99% used [0x00000000f4780000,0x00000000f5dfde70,0x00000000f5e00000)
  to   space 29184K, 0% used [0x00000000f2b00000,0x00000000f2b00000,0x00000000f4780000)
 ParOldGen       total 207360K, used 40821K [0x00000000a0000000, 0x00000000aca80000, 0x00000000e0000000)
  object space 207360K, 19% used [0x00000000a0000000,0x00000000a27dd6e0,0x00000000aca80000)
 Metaspace       used 82191K, capacity 85298K, committed 85592K, reserved 1124352K
  class space    used 10737K, capacity 11368K, committed 11392K, reserved 1048576K
}
Event: 622,045 GC heap before
{Heap before GC invocations=14 (full 3):
 PSYoungGen      total 329216K, used 329207K [0x00000000e0000000, 0x00000000f7700000, 0x0000000100000000)
  eden space 306176K, 100% used [0x00000000e0000000,0x00000000f2b00000,0x00000000f2b00000)
  from space 23040K, 99% used [0x00000000f4780000,0x00000000f5dfde70,0x00000000f5e00000)
  to   space 29184K, 0% used [0x00000000f2b00000,0x00000000f2b00000,0x00000000f4780000)
 ParOldGen       total 207360K, used 40821K [0x00000000a0000000, 0x00000000aca80000, 0x00000000e0000000)
  object space 207360K, 19% used [0x00000000a0000000,0x00000000a27dd6e0,0x00000000aca80000)
 Metaspace       used 86362K, capacity 89598K, committed 89816K, reserved 1128448K
  class space    used 11128K, capacity 11753K, committed 11776K, reserved 1048576K
Event: 622,116 GC heap after
Heap after GC invocations=14 (full 3):
 PSYoungGen      total 335360K, used 29165K [0x00000000e0000000, 0x00000000fa380000, 0x0000000100000000)
  eden space 306176K, 0% used [0x00000000e0000000,0x00000000e0000000,0x00000000f2b00000)
  from space 29184K, 99% used [0x00000000f2b00000,0x00000000f477b6a0,0x00000000f4780000)
  to   space 33792K, 0% used [0x00000000f8280000,0x00000000f8280000,0x00000000fa380000)
 ParOldGen       total 207360K, used 42517K [0x00000000a0000000, 0x00000000aca80000, 0x00000000e0000000)
  object space 207360K, 20% used [0x00000000a0000000,0x00000000a2985610,0x00000000aca80000)
 Metaspace       used 86362K, capacity 89598K, committed 89816K, reserved 1128448K
  class space    used 11128K, capacity 11753K, committed 11776K, reserved 1048576K
}
Event: 637,111 GC heap before
{Heap before GC invocations=15 (full 3):
 PSYoungGen      total 335360K, used 335341K [0x00000000e0000000, 0x00000000fa380000, 0x0000000100000000)
  eden space 306176K, 100% used [0x00000000e0000000,0x00000000f2b00000,0x00000000f2b00000)
  from space 29184K, 99% used [0x00000000f2b00000,0x00000000f477b6a0,0x00000000f4780000)
  to   space 33792K, 0% used [0x00000000f8280000,0x00000000f8280000,0x00000000fa380000)
 ParOldGen       total 207360K, used 42517K [0x00000000a0000000, 0x00000000aca80000, 0x00000000e0000000)
  object space 207360K, 20% used [0x00000000a0000000,0x00000000a2985610,0x00000000aca80000)
 Metaspace       used 90157K, capacity 93808K, committed 94040K, reserved 1130496K
  class space    used 11624K, capacity 12368K, committed 12416K, reserved 1048576K
Event: 637,184 GC heap after
Heap after GC invocations=15 (full 3):
 PSYoungGen      total 387072K, used 33773K [0x00000000e0000000, 0x00000000fae00000, 0x0000000100000000)
  eden space 353280K, 0% used [0x00000000e0000000,0x00000000e0000000,0x00000000f5900000)
  from space 33792K, 99% used [0x00000000f8280000,0x00000000fa37b6d8,0x00000000fa380000)
  to   space 42496K, 0% used [0x00000000f5900000,0x00000000f5900000,0x00000000f8280000)
 ParOldGen       total 207360K, used 53396K [0x00000000a0000000, 0x00000000aca80000, 0x00000000e0000000)
  object space 207360K, 25% used [0x00000000a0000000,0x00000000a3425040,0x00000000aca80000)
 Metaspace       used 90157K, capacity 93808K, committed 94040K, reserved 1130496K
  class space    used 11624K, capacity 12368K, committed 12416K, reserved 1048576K
}

